{"C:\\Users\\aic 11\\Documents\\Cursos\\jest\\Unit-test-React-Jest\\src\\index.js": {"path":"C:\\Users\\aic 11\\Documents\\Cursos\\jest\\Unit-test-React-Jest\\src\\index.js","statementMap":{"0":{"start":{"line":1,"column":15},"end":{"line":7,"column":1}},"1":{"start":{"line":9,"column":21},"end":{"line":12,"column":1}},"2":{"start":{"line":10,"column":17},"end":{"line":10,"column":66}},"3":{"start":{"line":11,"column":2},"end":{"line":11,"column":16}},"4":{"start":{"line":14,"column":23},"end":{"line":26,"column":1}},"5":{"start":{"line":15,"column":2},"end":{"line":25,"column":5}},"6":{"start":{"line":16,"column":4},"end":{"line":18,"column":5}},"7":{"start":{"line":17,"column":6},"end":{"line":17,"column":29}},"8":{"start":{"line":19,"column":4},"end":{"line":24,"column":6}},"9":{"start":{"line":28,"column":0},"end":{"line":28,"column":30}}},"fnMap":{"0":{"name":"(anonymous_0)","decl":{"start":{"line":9,"column":21},"end":{"line":9,"column":22}},"loc":{"start":{"line":9,"column":27},"end":{"line":12,"column":1}},"line":9},"1":{"name":"(anonymous_1)","decl":{"start":{"line":14,"column":23},"end":{"line":14,"column":24}},"loc":{"start":{"line":14,"column":30},"end":{"line":26,"column":1}},"line":14},"2":{"name":"(anonymous_2)","decl":{"start":{"line":15,"column":21},"end":{"line":15,"column":22}},"loc":{"start":{"line":15,"column":42},"end":{"line":25,"column":3}},"line":15}},"branchMap":{"0":{"loc":{"start":{"line":16,"column":4},"end":{"line":18,"column":5}},"type":"if","locations":[{"start":{"line":16,"column":4},"end":{"line":18,"column":5}},{"start":{"line":16,"column":4},"end":{"line":18,"column":5}}],"line":16}},"s":{"0":1,"1":1,"2":2,"3":2,"4":1,"5":0,"6":0,"7":0,"8":0,"9":1},"f":{"0":2,"1":0,"2":0},"b":{"0":[0,0]},"_coverageSchema":"43e27e138ebf9cfc5966b082cf9a028302ed4184","hash":"c7f67653c6e872f8b6d4630ccb64ddf86d1e0cfb"}
}
